yer name out 
[[ 0.65521514  0.09891655  0.04874299  0.19712536]
 [ 0.30551752  0.55117792  0.10303189  0.04027265]

 [[ 0.65521514  0.0989166   0.04874301  0.19712527]
 [ 0.30551776  0.55117768  0.10303194  0.04027269]]


layer name x1 
[[[  0.00000000e+00   0.00000000e+00   0.00000000e+00   0.00000000e+00
     0.00000000e+00   0.00000000e+00   0.00000000e+00   0.00000000e+00
     0.00000000e+00   0.00000000e+00   0.00000000e+00   0.00000000e+00
     0.00000000e+00   0.00000000e+00   0.00000000e+00   0.00000000e+00
     0.00000000e+00   0.00000000e+00   0.00000000e+00   0.00000000e+00
     0.00000000e+00   0.00000000e+00   0.00000000e+00   0.00000000e+00
     0.00000000e+00   0.00000000e+00   0.00000000e+00   0.00000000e+00
     0.00000000e+00   0.00000000e+00   0.00000000e+00   0.00000000e+00
     0.00000000e+00   0.00000000e+00   0.00000000e+00   0.00000000e+00
     0.00000000e+00   0.00000000e+00   0.00000000e+00   0.00000000e+00
     0.00000000e+00   0.00000000e+00   0.00000000e+00   0.00000000e+00
     0.00000000e+00   0.00000000e+00   0.00000000e+00   0.00000000e+00
     0.00000000e+00   0.00000000e+00]
  [  0.00000000e+00   0.00000000e+00   0.00000000e+00   0.00000000e+00
     0.00000000e+00   0.00000000e+00   0.00000000e+00   0.00000000e+00
     0.00000000e+00   0.00000000e+00   0.00000000e+00   0.00000000e+00
     0.00000000e+00   0.00000000e+00   0.00000000e+00   0.00000000e+00
     0.00000000e+00   0.00000000e+00   0.00000000e+00   0.00000000e+00
     0.00000000e+00   0.00000000e+00   0.00000000e+00   0.00000000e+00
     0.00000000e+00   0.00000000e+00   0.00000000e+00   0.00000000e+00
     0.00000000e+00   0.00000000e+00   0.00000000e+00   0.00000000e+00
     0.00000000e+00   0.00000000e+00   0.00000000e+00   0.00000000e+00
     0.00000000e+00   0.00000000e+00   0.00000000e+00   0.00000000e+00
     0.00000000e+00   0.00000000e+00   0.00000000e+00   0.00000000e+00
     0.00000000e+00   0.00000000e+00   0.00000000e+00   0.00000000e+00
     0.00000000e+00   0.00000000e+00]
  [ -2.66964221e+00  -6.26304436e+00   1.85071397e+00   7.95027494e-01
    -4.55638599e+00  -8.05390072e+00  -8.77396488e+00  -6.43751860e+00
    -5.99775791e-01   1.45940828e+00   2.03973365e+00   5.49670517e-01
    -4.86031681e-01   7.79395223e-01   5.16932297e+00   1.86775589e+00
     3.48727012e+00   2.04060769e+00  -2.00326800e+00   2.05924571e-01
     1.88284433e+00   4.95105982e+00   7.24321842e-01  -7.45721400e-01
     1.27532744e+00  -1.62839878e+00   4.44447899e+00  -9.75079715e-01
    -2.16649577e-01  -2.23827600e+00  -2.79178143e-01   3.57957768e+00
    -1.42424524e+00  -1.85511672e+00  -1.82021666e+00   2.87164712e+00
     2.67641830e+00   4.36178446e+00  -3.96748483e-01   2.81996965e-01
    -1.63467777e+00   4.72532368e+00   5.88750887e+00   1.82812452e+00
    -9.11371613e+00  -1.38103500e-01   3.09648395e+00   1.46438372e+00
     1.01842858e-01   2.45249653e+00]
  [ -9.55879593e+00  -7.56418562e+00   6.49301910e+00  -9.02594090e+00
    -6.89536142e+00   1.86827421e+00  -2.88408566e+00   8.94590569e+00
    -4.04176760e+00  -2.03807664e+00  -1.72775424e+00   1.21763077e+01
     1.74200088e-02   2.96239161e+00  -6.35820627e-01  -1.68097568e+00
    -1.24954300e+01   8.93078089e-01   9.76839638e+00  -6.09322023e+00
     9.44565201e+00   8.59318829e+00   1.01066513e+01   2.59645343e+00
     1.27911825e+01   4.98378420e+00   4.19265568e-01  -2.75868320e+00
     4.15672731e+00  -1.68805618e+01  -2.41680264e+00  -1.16175044e+00
     1.31407404e+01  -1.54770641e+01   5.38745594e+00  -3.28154635e+00
     1.46191728e+00   7.11216688e+00   7.59034252e+00   2.34992671e+00
    -1.11717281e+01  -7.58458662e+00   5.82579076e-01  -5.95808506e+00
    -1.04429483e+01   2.95748806e+00   4.41398811e+00   1.87701619e+00
    -1.13311219e+00  -4.78144312e+00]
  [ -5.14075136e+00  -1.28471260e+01   6.02486229e+00  -6.98562050e+00
    -1.08718920e+01   4.59677553e+00  -1.12317619e+01   5.42872429e+00
     9.82168674e+00   1.42977266e+01   5.97034693e+00   1.54570723e+00
    -6.42547798e+00  -2.32812095e+00   3.76902437e+00   5.56597233e+00
    -1.07201309e+01   2.00845861e+00  -3.20273113e+00  -7.39040232e+00
     7.66964626e+00  -3.31353021e+00   3.58494687e+00   1.54014044e+01
    -1.34268835e-01   1.01622820e+01  -9.08129501e+00   2.62069988e+00
    -4.53887606e+00  -1.19531015e-02  -1.60045350e+00  -1.91763573e+01
    -1.06220150e+00  -8.29577065e+00   3.46242523e+00  -1.41488779e+00
    -5.40536118e+00  -6.27258122e-01  -3.55280352e+00   1.66441460e+01
    -5.99812508e+00   3.84328866e+00   7.57726192e+00   1.55124319e+00
     1.08824997e+01   3.53289294e+00  -2.65350270e+00   8.69544029e+00
     1.80215037e+00  -3.86264944e+00]]

 [[  0.00000000e+00   0.00000000e+00   0.00000000e+00   0.00000000e+00
     0.00000000e+00   0.00000000e+00   0.00000000e+00   0.00000000e+00
     0.00000000e+00   0.00000000e+00   0.00000000e+00   0.00000000e+00
     0.00000000e+00   0.00000000e+00   0.00000000e+00   0.00000000e+00
     0.00000000e+00   0.00000000e+00   0.00000000e+00   0.00000000e+00
     0.00000000e+00   0.00000000e+00   0.00000000e+00   0.00000000e+00
     0.00000000e+00   0.00000000e+00   0.00000000e+00   0.00000000e+00
     0.00000000e+00   0.00000000e+00   0.00000000e+00   0.00000000e+00
     0.00000000e+00   0.00000000e+00   0.00000000e+00   0.00000000e+00
     0.00000000e+00   0.00000000e+00   0.00000000e+00   0.00000000e+00
     0.00000000e+00   0.00000000e+00   0.00000000e+00   0.00000000e+00
     0.00000000e+00   0.00000000e+00   0.00000000e+00   0.00000000e+00
     0.00000000e+00   0.00000000e+00]
  [ -2.66964221e+00  -6.26304436e+00   1.85071397e+00   7.95027494e-01
    -4.55638599e+00  -8.05390072e+00  -8.77396488e+00  -6.43751860e+00
    -5.99775791e-01   1.45940828e+00   2.03973365e+00   5.49670517e-01
    -4.86031681e-01   7.79395223e-01   5.16932297e+00   1.86775589e+00
     3.48727012e+00   2.04060769e+00  -2.00326800e+00   2.05924571e-01
     1.88284433e+00   4.95105982e+00   7.24321842e-01  -7.45721400e-01
     1.27532744e+00  -1.62839878e+00   4.44447899e+00  -9.75079715e-01
    -2.16649577e-01  -2.23827600e+00  -2.79178143e-01   3.57957768e+00
    -1.42424524e+00  -1.85511672e+00  -1.82021666e+00   2.87164712e+00
     2.67641830e+00   4.36178446e+00  -3.96748483e-01   2.81996965e-01
    -1.63467777e+00   4.72532368e+00   5.88750887e+00   1.82812452e+00
    -9.11371613e+00  -1.38103500e-01   3.09648395e+00   1.46438372e+00
     1.01842858e-01   2.45249653e+00]
  [ -9.55879593e+00  -7.56418562e+00   6.49301910e+00  -9.02594090e+00
    -6.89536142e+00   1.86827421e+00  -2.88408566e+00   8.94590569e+00
    -4.04176760e+00  -2.03807664e+00  -1.72775424e+00   1.21763077e+01
     1.74200088e-02   2.96239161e+00  -6.35820627e-01  -1.68097568e+00
    -1.24954300e+01   8.93078089e-01   9.76839638e+00  -6.09322023e+00
     9.44565201e+00   8.59318829e+00   1.01066513e+01   2.59645343e+00
     1.27911825e+01   4.98378420e+00   4.19265568e-01  -2.75868320e+00
     4.15672731e+00  -1.68805618e+01  -2.41680264e+00  -1.16175044e+00
     1.31407404e+01  -1.54770641e+01   5.38745594e+00  -3.28154635e+00
     1.46191728e+00   7.11216688e+00   7.59034252e+00   2.34992671e+00
    -1.11717281e+01  -7.58458662e+00   5.82579076e-01  -5.95808506e+00
    -1.04429483e+01   2.95748806e+00   4.41398811e+00   1.87701619e+00
    -1.13311219e+00  -4.78144312e+00]
  [ -5.14075136e+00  -1.28471260e+01   6.02486229e+00  -6.98562050e+00
    -1.08718920e+01   4.59677553e+00  -1.12317619e+01   5.42872429e+00
     9.82168674e+00   1.42977266e+01   5.97034693e+00   1.54570723e+00
    -6.42547798e+00  -2.32812095e+00   3.76902437e+00   5.56597233e+00
    -1.07201309e+01   2.00845861e+00  -3.20273113e+00  -7.39040232e+00
     7.66964626e+00  -3.31353021e+00   3.58494687e+00   1.54014044e+01
    -1.34268835e-01   1.01622820e+01  -9.08129501e+00   2.62069988e+00
    -4.53887606e+00  -1.19531015e-02  -1.60045350e+00  -1.91763573e+01
    -1.06220150e+00  -8.29577065e+00   3.46242523e+00  -1.41488779e+00
    -5.40536118e+00  -6.27258122e-01  -3.55280352e+00   1.66441460e+01
    -5.99812508e+00   3.84328866e+00   7.57726192e+00   1.55124319e+00
     1.08824997e+01   3.53289294e+00  -2.65350270e+00   8.69544029e+00
     1.80215037e+00  -3.86264944e+00]
  [ -1.80855446e+01   7.84808159e-01   1.16215258e+01  -5.10167551e+00
     9.51335335e+00   1.34671128e+00  -1.29153805e+01   5.27747822e+00
     2.52977777e+00   1.42514544e+01   3.74204540e+00   4.25516939e+00
    -6.98413801e+00   4.44355392e+00   1.50133026e+00   1.77530730e+00
    -3.39649487e+00   6.59339857e+00  -8.45118332e+00  -5.63111544e+00
     1.75346231e+00  -2.54704070e+00   1.05236521e+01   9.93460369e+00
     7.19784200e-01   1.50125682e+00  -1.94807613e+00  -2.56178999e+00
     1.94370568e+00   1.65673745e+00  -9.32038975e+00  -1.11807537e+01
    -1.38482857e+00   3.18959570e+00  -1.54875159e-01  -2.54057097e+00
    -9.52550602e+00  -1.85366237e+00  -6.98162413e+00   1.23515892e+01
    -2.53793645e+00  -2.07695737e-01   1.73862660e+00   3.50412071e-01
     9.34125721e-01  -6.60777473e+00  -2.58873630e+00   3.50562990e-01
    -2.95664215e+00  -3.08678341e+00]]]
layer name x2 
[[[-0.04640847 -0.02068257 -0.01742939 -0.04422745 -0.00207935  0.0214733
    0.01109792  0.03827633 -0.01982434  0.00802325  0.04049997 -0.04625967
    0.04833638 -0.00168617  0.02510772 -0.04355971 -0.03196294 -0.01063545
    0.02184021 -0.02814312  0.02207989 -0.020846    0.01526917  0.00434489
   -0.03474917  0.0134964  -0.00962061  0.01712213 -0.04655054 -0.03097959
    0.01696956 -0.01698107  0.02871627  0.01735546  0.04936851 -0.00193211
   -0.0458266  -0.00792104 -0.03515225 -0.04333219 -0.04655965  0.00705607
    0.02107695 -0.03377054 -0.00214345  0.04908577 -0.03231989  0.0101328
   -0.03576134  0.01960426]
  [-0.04640847 -0.02068257 -0.01742939 -0.04422745 -0.00207935  0.0214733
    0.01109792  0.03827633 -0.01982434  0.00802325  0.04049997 -0.04625967
    0.04833638 -0.00168617  0.02510772 -0.04355971 -0.03196294 -0.01063545
    0.02184021 -0.02814312  0.02207989 -0.020846    0.01526917  0.00434489
   -0.03474917  0.0134964  -0.00962061  0.01712213 -0.04655054 -0.03097959
    0.01696956 -0.01698107  0.02871627  0.01735546  0.04936851 -0.00193211
   -0.0458266  -0.00792104 -0.03515225 -0.04333219 -0.04655965  0.00705607
    0.02107695 -0.03377054 -0.00214345  0.04908577 -0.03231989  0.0101328
   -0.03576134  0.01960426]
  [-0.02987738  0.02711212  0.01570269 -0.01388058  0.02057699 -0.02848445
    0.00383547 -0.01836317  0.00284854 -0.02760353 -0.01813715 -0.03623842
    0.0011292  -0.0166048   0.03019081  0.02304059  0.04541709  0.06126241
   -0.00775041 -0.02361087  0.02952984  0.05677156  0.00420896 -0.0021981
    0.00448199 -0.03155765 -0.03604324 -0.03988427  0.00368422  0.0451899
    0.00133175 -0.00013536  0.03308645  0.01493819  0.03910154  0.03827561
    0.00535075  0.0363976  -0.02758723 -0.05228611 -0.026572   -0.01338196
   -0.04695478 -0.0445771   0.04188986  0.00024728  0.05000386 -0.00888466
   -0.04479766 -0.04781399]
  [-0.01976172  0.04981006  0.02207865 -0.03838352 -0.03660578  0.03608903
   -0.04320479  0.01906678  0.0463256   0.01669176  0.0415559   0.06490634
    0.0163488   0.04160665 -0.02228169  0.01219561 -0.01918782 -0.01082288
    0.01742565 -0.04592087 -0.03721077 -0.00805766  0.01129348 -0.03614324
   -0.01722583 -0.0462454   0.00411543 -0.04795105  0.04475651 -0.0278875
    0.01843294  0.03696102 -0.02438519 -0.02407684 -0.02960944  0.03036898
    0.03695247 -0.01393022 -0.03853105  0.03786008 -0.03505611 -0.02630576
   -0.00688553 -0.01014058 -0.02391469  0.03172936 -0.02002448  0.04166636
   -0.03916181  0.02870286]
  [-0.04231464 -0.00518653 -0.02137435  0.01905269 -0.00191882  0.02728088
   -0.02387532 -0.02033734 -0.01402894 -0.02649428  0.04165977  0.06431524
    0.02101113  0.01403962 -0.0191908   0.02274646  0.0199421   0.03311369
    0.01102901 -0.02389212 -0.00638788  0.02447916 -0.04956887 -0.04052567
    0.0749971   0.03559664 -0.03447076 -0.03188725  0.06164742  0.03062172
    0.0522354  -0.00340838 -0.00353976 -0.02800011  0.00043828  0.04433059
    0.0053039   0.01071803 -0.00955298 -0.00775742  0.03623607  0.03350838
    0.04193636 -0.02826297  0.04205976  0.04942701  0.00035425 -0.03596132
    0.02078469  0.03765894]]

 [[-0.04640847 -0.02068257 -0.01742939 -0.04422745 -0.00207935  0.0214733
    0.01109792  0.03827633 -0.01982434  0.00802325  0.04049997 -0.04625967
    0.04833638 -0.00168617  0.02510772 -0.04355971 -0.03196294 -0.01063545
    0.02184021 -0.02814312  0.02207989 -0.020846    0.01526917  0.00434489
   -0.03474917  0.0134964  -0.00962061  0.01712213 -0.04655054 -0.03097959
    0.01696956 -0.01698107  0.02871627  0.01735546  0.04936851 -0.00193211
   -0.0458266  -0.00792104 -0.03515225 -0.04333219 -0.04655965  0.00705607
    0.02107695 -0.03377054 -0.00214345  0.04908577 -0.03231989  0.0101328
   -0.03576134  0.01960426]
  [-0.02987738  0.02711212  0.01570269 -0.01388058  0.02057699 -0.02848445
    0.00383547 -0.01836317  0.00284854 -0.02760353 -0.01813715 -0.03623842
    0.0011292  -0.0166048   0.03019081  0.02304059  0.04541709  0.06126241
   -0.00775041 -0.02361087  0.02952984  0.05677156  0.00420896 -0.0021981
    0.00448199 -0.03155765 -0.03604324 -0.03988427  0.00368422  0.0451899
    0.00133175 -0.00013536  0.03308645  0.01493819  0.03910154  0.03827561
    0.00535075  0.0363976  -0.02758723 -0.05228611 -0.026572   -0.01338196
   -0.04695478 -0.0445771   0.04188986  0.00024728  0.05000386 -0.00888466
   -0.04479766 -0.04781399]
  [-0.01976172  0.04981006  0.02207865 -0.03838352 -0.03660578  0.03608903
   -0.04320479  0.01906678  0.0463256   0.01669176  0.0415559   0.06490634
    0.0163488   0.04160665 -0.02228169  0.01219561 -0.01918782 -0.01082288
    0.01742565 -0.04592087 -0.03721077 -0.00805766  0.01129348 -0.03614324
   -0.01722583 -0.0462454   0.00411543 -0.04795105  0.04475651 -0.0278875
    0.01843294  0.03696102 -0.02438519 -0.02407684 -0.02960944  0.03036898
    0.03695247 -0.01393022 -0.03853105  0.03786008 -0.03505611 -0.02630576
   -0.00688553 -0.01014058 -0.02391469  0.03172936 -0.02002448  0.04166636
   -0.03916181  0.02870286]
  [-0.04231464 -0.00518653 -0.02137435  0.01905269 -0.00191882  0.02728088
   -0.02387532 -0.02033734 -0.01402894 -0.02649428  0.04165977  0.06431524
    0.02101113  0.01403962 -0.0191908   0.02274646  0.0199421   0.03311369
    0.01102901 -0.02389212 -0.00638788  0.02447916 -0.04956887 -0.04052567
    0.0749971   0.03559664 -0.03447076 -0.03188725  0.06164742  0.03062172
    0.0522354  -0.00340838 -0.00353976 -0.02800011  0.00043828  0.04433059
    0.0053039   0.01071803 -0.00955298 -0.00775742  0.03623607  0.03350838
    0.04193636 -0.02826297  0.04205976  0.04942701  0.00035425 -0.03596132
    0.02078469  0.03765894]
  [ 0.05245573  0.02444351  0.00720875  0.01252443 -0.02720203  0.01313854
    0.00376113 -0.07384481  0.00732599 -0.01564216  0.01472714 -0.05008348
   -0.05829217 -0.02113503  0.03822377  0.01295579 -0.03245563 -0.05359622
   -0.02931956  0.04506324 -0.05318749  0.00383642 -0.01505427  0.04800713
   -0.06717719  0.03019115  0.00411339 -0.04970564 -0.05569921 -0.02813897
    0.04907744  0.01721559 -0.0166306  -0.02664847 -0.04927192 -0.01068404
    0.01440009 -0.05020719 -0.0351244   0.0232322   0.01458722 -0.00358067
   -0.06870386  0.03441763 -0.0457563   0.02066659 -0.05252411 -0.00428503
   -0.04383418  0.01889111]]]
layer name merged 
[[[  0.00000000e+00   0.00000000e+00   0.00000000e+00   0.00000000e+00
     0.00000000e+00   0.00000000e+00   0.00000000e+00   0.00000000e+00
     0.00000000e+00   0.00000000e+00   0.00000000e+00   0.00000000e+00
     0.00000000e+00   0.00000000e+00   0.00000000e+00   0.00000000e+00
     0.00000000e+00   0.00000000e+00   0.00000000e+00   0.00000000e+00
     0.00000000e+00   0.00000000e+00   0.00000000e+00   0.00000000e+00
     0.00000000e+00   0.00000000e+00   0.00000000e+00   0.00000000e+00
     0.00000000e+00   0.00000000e+00   0.00000000e+00   0.00000000e+00
     0.00000000e+00   0.00000000e+00   0.00000000e+00   0.00000000e+00
     0.00000000e+00   0.00000000e+00   0.00000000e+00   0.00000000e+00
     0.00000000e+00   0.00000000e+00   0.00000000e+00   0.00000000e+00
     0.00000000e+00   0.00000000e+00   0.00000000e+00   0.00000000e+00
     0.00000000e+00   0.00000000e+00  -0.00000000e+00  -0.00000000e+00
    -0.00000000e+00  -0.00000000e+00  -0.00000000e+00   0.00000000e+00
     0.00000000e+00   0.00000000e+00  -0.00000000e+00   0.00000000e+00
     0.00000000e+00  -0.00000000e+00   0.00000000e+00  -0.00000000e+00
     0.00000000e+00  -0.00000000e+00  -0.00000000e+00  -0.00000000e+00
     0.00000000e+00  -0.00000000e+00   0.00000000e+00  -0.00000000e+00
     0.00000000e+00   0.00000000e+00  -0.00000000e+00   0.00000000e+00
    -0.00000000e+00   0.00000000e+00  -0.00000000e+00  -0.00000000e+00
     0.00000000e+00  -0.00000000e+00   0.00000000e+00   0.00000000e+00
     0.00000000e+00  -0.00000000e+00  -0.00000000e+00  -0.00000000e+00
    -0.00000000e+00  -0.00000000e+00  -0.00000000e+00   0.00000000e+00
     0.00000000e+00  -0.00000000e+00  -0.00000000e+00   0.00000000e+00
    -0.00000000e+00   0.00000000e+00  -0.00000000e+00   0.00000000e+00]
  [  0.00000000e+00   0.00000000e+00   0.00000000e+00   0.00000000e+00
     0.00000000e+00   0.00000000e+00   0.00000000e+00   0.00000000e+00
     0.00000000e+00   0.00000000e+00   0.00000000e+00   0.00000000e+00
     0.00000000e+00   0.00000000e+00   0.00000000e+00   0.00000000e+00
     0.00000000e+00   0.00000000e+00   0.00000000e+00   0.00000000e+00
     0.00000000e+00   0.00000000e+00   0.00000000e+00   0.00000000e+00
     0.00000000e+00   0.00000000e+00   0.00000000e+00   0.00000000e+00
     0.00000000e+00   0.00000000e+00   0.00000000e+00   0.00000000e+00
     0.00000000e+00   0.00000000e+00   0.00000000e+00   0.00000000e+00
     0.00000000e+00   0.00000000e+00   0.00000000e+00   0.00000000e+00
     0.00000000e+00   0.00000000e+00   0.00000000e+00   0.00000000e+00
     0.00000000e+00   0.00000000e+00   0.00000000e+00   0.00000000e+00
     0.00000000e+00   0.00000000e+00  -0.00000000e+00  -0.00000000e+00
    -0.00000000e+00  -0.00000000e+00  -0.00000000e+00   0.00000000e+00
     0.00000000e+00   0.00000000e+00  -0.00000000e+00   0.00000000e+00
     0.00000000e+00  -0.00000000e+00   0.00000000e+00  -0.00000000e+00
     0.00000000e+00  -0.00000000e+00  -0.00000000e+00  -0.00000000e+00
     0.00000000e+00  -0.00000000e+00   0.00000000e+00  -0.00000000e+00
     0.00000000e+00   0.00000000e+00  -0.00000000e+00   0.00000000e+00
    -0.00000000e+00   0.00000000e+00  -0.00000000e+00  -0.00000000e+00
     0.00000000e+00  -0.00000000e+00   0.00000000e+00   0.00000000e+00
     0.00000000e+00  -0.00000000e+00  -0.00000000e+00  -0.00000000e+00
    -0.00000000e+00  -0.00000000e+00  -0.00000000e+00   0.00000000e+00
     0.00000000e+00  -0.00000000e+00  -0.00000000e+00   0.00000000e+00
    -0.00000000e+00   0.00000000e+00  -0.00000000e+00   0.00000000e+00]
  [ -2.66964221e+00  -6.26304436e+00   1.85071397e+00   7.95027494e-01
    -4.55638599e+00  -8.05390072e+00  -8.77396488e+00  -6.43751860e+00
    -5.99775791e-01   1.45940828e+00   2.03973365e+00   5.49670517e-01
    -4.86031681e-01   7.79395223e-01   5.16932297e+00   1.86775589e+00
     3.48727012e+00   2.04060769e+00  -2.00326800e+00   2.05924571e-01
     1.88284433e+00   4.95105982e+00   7.24321842e-01  -7.45721400e-01
     1.27532744e+00  -1.62839878e+00   4.44447899e+00  -9.75079715e-01
    -2.16649577e-01  -2.23827600e+00  -2.79178143e-01   3.57957768e+00
    -1.42424524e+00  -1.85511672e+00  -1.82021666e+00   2.87164712e+00
     2.67641830e+00   4.36178446e+00  -3.96748483e-01   2.81996965e-01
    -1.63467777e+00   4.72532368e+00   5.88750887e+00   1.82812452e+00
    -9.11371613e+00  -1.38103500e-01   3.09648395e+00   1.46438372e+00
     1.01842858e-01   2.45249653e+00  -2.98773777e-02   2.71121226e-02
     1.57026928e-02  -1.38805788e-02   2.05769893e-02  -2.84844469e-02
     3.83547437e-03  -1.83631666e-02   2.84853694e-03  -2.76035257e-02
    -1.81371495e-02  -3.62384208e-02   1.12920476e-03  -1.66048016e-02
     3.01908143e-02   2.30405852e-02   4.54170890e-02   6.12624139e-02
    -7.75040686e-03  -2.36108657e-02   2.95298398e-02   5.67715578e-02
     4.20896430e-03  -2.19809543e-03   4.48198570e-03  -3.15576531e-02
    -3.60432379e-02  -3.98842692e-02   3.68422200e-03   4.51898985e-02
     1.33174739e-03  -1.35356968e-04   3.30864526e-02   1.49381934e-02
     3.91015410e-02   3.82756144e-02   5.35074947e-03   3.63975987e-02
    -2.75872257e-02  -5.22861108e-02  -2.65719965e-02  -1.33819599e-02
    -4.69547808e-02  -4.45770994e-02   4.18898612e-02   2.47275166e-04
     5.00038601e-02  -8.88466369e-03  -4.47976552e-02  -4.78139929e-02]
  [ -9.55879593e+00  -7.56418562e+00   6.49301910e+00  -9.02594090e+00
    -6.89536142e+00   1.86827421e+00  -2.88408566e+00   8.94590569e+00
    -4.04176760e+00  -2.03807664e+00  -1.72775424e+00   1.21763077e+01
     1.74200088e-02   2.96239161e+00  -6.35820627e-01  -1.68097568e+00
    -1.24954300e+01   8.93078089e-01   9.76839638e+00  -6.09322023e+00
     9.44565201e+00   8.59318829e+00   1.01066513e+01   2.59645343e+00
     1.27911825e+01   4.98378420e+00   4.19265568e-01  -2.75868320e+00
     4.15672731e+00  -1.68805618e+01  -2.41680264e+00  -1.16175044e+00
     1.31407404e+01  -1.54770641e+01   5.38745594e+00  -3.28154635e+00
     1.46191728e+00   7.11216688e+00   7.59034252e+00   2.34992671e+00
    -1.11717281e+01  -7.58458662e+00   5.82579076e-01  -5.95808506e+00
    -1.04429483e+01   2.95748806e+00   4.41398811e+00   1.87701619e+00
    -1.13311219e+00  -4.78144312e+00  -1.97617188e-02   4.98100631e-02
     2.20786482e-02  -3.83835249e-02  -3.66057754e-02   3.60890329e-02
    -4.32047918e-02   1.90667808e-02   4.63256016e-02   1.66917611e-02
     4.15558964e-02   6.49063364e-02   1.63488034e-02   4.16066498e-02
    -2.22816858e-02   1.21956114e-02  -1.91878229e-02  -1.08228792e-02
     1.74256470e-02  -4.59208749e-02  -3.72107737e-02  -8.05766229e-03
     1.12934820e-02  -3.61432359e-02  -1.72258317e-02  -4.62453961e-02
     4.11542971e-03  -4.79510538e-02   4.47565131e-02  -2.78875008e-02
     1.84329394e-02   3.69610228e-02  -2.43851859e-02  -2.40768399e-02
    -2.96094418e-02   3.03689837e-02   3.69524658e-02  -1.39302202e-02
    -3.85310464e-02   3.78600806e-02  -3.50561067e-02  -2.63057649e-02
    -6.88552577e-03  -1.01405839e-02  -2.39146892e-02   3.17293555e-02
    -2.00244822e-02   4.16663587e-02  -3.91618088e-02   2.87028570e-02]
  [ -5.14075136e+00  -1.28471260e+01   6.02486229e+00  -6.98562050e+00
    -1.08718920e+01   4.59677553e+00  -1.12317619e+01   5.42872429e+00
     9.82168674e+00   1.42977266e+01   5.97034693e+00   1.54570723e+00
    -6.42547798e+00  -2.32812095e+00   3.76902437e+00   5.56597233e+00
    -1.07201309e+01   2.00845861e+00  -3.20273113e+00  -7.39040232e+00
     7.66964626e+00  -3.31353021e+00   3.58494687e+00   1.54014044e+01
    -1.34268835e-01   1.01622820e+01  -9.08129501e+00   2.62069988e+00
    -4.53887606e+00  -1.19531015e-02  -1.60045350e+00  -1.91763573e+01
    -1.06220150e+00  -8.29577065e+00   3.46242523e+00  -1.41488779e+00
    -5.40536118e+00  -6.27258122e-01  -3.55280352e+00   1.66441460e+01
    -5.99812508e+00   3.84328866e+00   7.57726192e+00   1.55124319e+00
     1.08824997e+01   3.53289294e+00  -2.65350270e+00   8.69544029e+00
     1.80215037e+00  -3.86264944e+00  -4.23146449e-02  -5.18653216e-03
    -2.13743486e-02   1.90526936e-02  -1.91881566e-03   2.72808820e-02
    -2.38753166e-02  -2.03373358e-02  -1.40289413e-02  -2.64942814e-02
     4.16597724e-02   6.43152371e-02   2.10111346e-02   1.40396226e-02
    -1.91907957e-02   2.27464586e-02   1.99421048e-02   3.31136920e-02
     1.10290088e-02  -2.38921214e-02  -6.38787542e-03   2.44791638e-02
    -4.95688692e-02  -4.05256674e-02   7.49971047e-02   3.55966352e-02
    -3.44707556e-02  -3.18872519e-02   6.16474189e-02   3.06217223e-02
     5.22353984e-02  -3.40837869e-03  -3.53975873e-03  -2.80001052e-02
     4.38276067e-04   4.43305857e-02   5.30389696e-03   1.07180253e-02
    -9.55297705e-03  -7.75741600e-03   3.62360738e-02   3.35083827e-02
     4.19363603e-02  -2.82629728e-02   4.20597605e-02   4.94270101e-02
     3.54245538e-04  -3.59613188e-02   2.07846891e-02   3.76589447e-02]]

 [[  0.00000000e+00   0.00000000e+00   0.00000000e+00   0.00000000e+00
     0.00000000e+00   0.00000000e+00   0.00000000e+00   0.00000000e+00
     0.00000000e+00   0.00000000e+00   0.00000000e+00   0.00000000e+00
     0.00000000e+00   0.00000000e+00   0.00000000e+00   0.00000000e+00
     0.00000000e+00   0.00000000e+00   0.00000000e+00   0.00000000e+00
     0.00000000e+00   0.00000000e+00   0.00000000e+00   0.00000000e+00
     0.00000000e+00   0.00000000e+00   0.00000000e+00   0.00000000e+00
     0.00000000e+00   0.00000000e+00   0.00000000e+00   0.00000000e+00
     0.00000000e+00   0.00000000e+00   0.00000000e+00   0.00000000e+00
     0.00000000e+00   0.00000000e+00   0.00000000e+00   0.00000000e+00
     0.00000000e+00   0.00000000e+00   0.00000000e+00   0.00000000e+00
     0.00000000e+00   0.00000000e+00   0.00000000e+00   0.00000000e+00
     0.00000000e+00   0.00000000e+00  -0.00000000e+00  -0.00000000e+00
    -0.00000000e+00  -0.00000000e+00  -0.00000000e+00   0.00000000e+00
     0.00000000e+00   0.00000000e+00  -0.00000000e+00   0.00000000e+00
     0.00000000e+00  -0.00000000e+00   0.00000000e+00  -0.00000000e+00
     0.00000000e+00  -0.00000000e+00  -0.00000000e+00  -0.00000000e+00
     0.00000000e+00  -0.00000000e+00   0.00000000e+00  -0.00000000e+00
     0.00000000e+00   0.00000000e+00  -0.00000000e+00   0.00000000e+00
    -0.00000000e+00   0.00000000e+00  -0.00000000e+00  -0.00000000e+00
     0.00000000e+00  -0.00000000e+00   0.00000000e+00   0.00000000e+00
     0.00000000e+00  -0.00000000e+00  -0.00000000e+00  -0.00000000e+00
    -0.00000000e+00  -0.00000000e+00  -0.00000000e+00   0.00000000e+00
     0.00000000e+00  -0.00000000e+00  -0.00000000e+00   0.00000000e+00
    -0.00000000e+00   0.00000000e+00  -0.00000000e+00   0.00000000e+00]
  [ -2.66964221e+00  -6.26304436e+00   1.85071397e+00   7.95027494e-01
    -4.55638599e+00  -8.05390072e+00  -8.77396488e+00  -6.43751860e+00
    -5.99775791e-01   1.45940828e+00   2.03973365e+00   5.49670517e-01
    -4.86031681e-01   7.79395223e-01   5.16932297e+00   1.86775589e+00
     3.48727012e+00   2.04060769e+00  -2.00326800e+00   2.05924571e-01
     1.88284433e+00   4.95105982e+00   7.24321842e-01  -7.45721400e-01
     1.27532744e+00  -1.62839878e+00   4.44447899e+00  -9.75079715e-01
    -2.16649577e-01  -2.23827600e+00  -2.79178143e-01   3.57957768e+00
    -1.42424524e+00  -1.85511672e+00  -1.82021666e+00   2.87164712e+00
     2.67641830e+00   4.36178446e+00  -3.96748483e-01   2.81996965e-01
    -1.63467777e+00   4.72532368e+00   5.88750887e+00   1.82812452e+00
    -9.11371613e+00  -1.38103500e-01   3.09648395e+00   1.46438372e+00
     1.01842858e-01   2.45249653e+00  -2.98773777e-02   2.71121226e-02
     1.57026928e-02  -1.38805788e-02   2.05769893e-02  -2.84844469e-02
     3.83547437e-03  -1.83631666e-02   2.84853694e-03  -2.76035257e-02
    -1.81371495e-02  -3.62384208e-02   1.12920476e-03  -1.66048016e-02
     3.01908143e-02   2.30405852e-02   4.54170890e-02   6.12624139e-02
    -7.75040686e-03  -2.36108657e-02   2.95298398e-02   5.67715578e-02
     4.20896430e-03  -2.19809543e-03   4.48198570e-03  -3.15576531e-02
    -3.60432379e-02  -3.98842692e-02   3.68422200e-03   4.51898985e-02
     1.33174739e-03  -1.35356968e-04   3.30864526e-02   1.49381934e-02
     3.91015410e-02   3.82756144e-02   5.35074947e-03   3.63975987e-02
    -2.75872257e-02  -5.22861108e-02  -2.65719965e-02  -1.33819599e-02
    -4.69547808e-02  -4.45770994e-02   4.18898612e-02   2.47275166e-04
     5.00038601e-02  -8.88466369e-03  -4.47976552e-02  -4.78139929e-02]
  [ -9.55879593e+00  -7.56418562e+00   6.49301910e+00  -9.02594090e+00
    -6.89536142e+00   1.86827421e+00  -2.88408566e+00   8.94590569e+00
    -4.04176760e+00  -2.03807664e+00  -1.72775424e+00   1.21763077e+01
     1.74200088e-02   2.96239161e+00  -6.35820627e-01  -1.68097568e+00
    -1.24954300e+01   8.93078089e-01   9.76839638e+00  -6.09322023e+00
     9.44565201e+00   8.59318829e+00   1.01066513e+01   2.59645343e+00
     1.27911825e+01   4.98378420e+00   4.19265568e-01  -2.75868320e+00
     4.15672731e+00  -1.68805618e+01  -2.41680264e+00  -1.16175044e+00
     1.31407404e+01  -1.54770641e+01   5.38745594e+00  -3.28154635e+00
     1.46191728e+00   7.11216688e+00   7.59034252e+00   2.34992671e+00
    -1.11717281e+01  -7.58458662e+00   5.82579076e-01  -5.95808506e+00
    -1.04429483e+01   2.95748806e+00   4.41398811e+00   1.87701619e+00
    -1.13311219e+00  -4.78144312e+00  -1.97617188e-02   4.98100631e-02
     2.20786482e-02  -3.83835249e-02  -3.66057754e-02   3.60890329e-02
    -4.32047918e-02   1.90667808e-02   4.63256016e-02   1.66917611e-02
     4.15558964e-02   6.49063364e-02   1.63488034e-02   4.16066498e-02
    -2.22816858e-02   1.21956114e-02  -1.91878229e-02  -1.08228792e-02
     1.74256470e-02  -4.59208749e-02  -3.72107737e-02  -8.05766229e-03
     1.12934820e-02  -3.61432359e-02  -1.72258317e-02  -4.62453961e-02
     4.11542971e-03  -4.79510538e-02   4.47565131e-02  -2.78875008e-02
     1.84329394e-02   3.69610228e-02  -2.43851859e-02  -2.40768399e-02
    -2.96094418e-02   3.03689837e-02   3.69524658e-02  -1.39302202e-02
    -3.85310464e-02   3.78600806e-02  -3.50561067e-02  -2.63057649e-02
    -6.88552577e-03  -1.01405839e-02  -2.39146892e-02   3.17293555e-02
    -2.00244822e-02   4.16663587e-02  -3.91618088e-02   2.87028570e-02]
  [ -5.14075136e+00  -1.28471260e+01   6.02486229e+00  -6.98562050e+00
    -1.08718920e+01   4.59677553e+00  -1.12317619e+01   5.42872429e+00
     9.82168674e+00   1.42977266e+01   5.97034693e+00   1.54570723e+00
    -6.42547798e+00  -2.32812095e+00   3.76902437e+00   5.56597233e+00
    -1.07201309e+01   2.00845861e+00  -3.20273113e+00  -7.39040232e+00
     7.66964626e+00  -3.31353021e+00   3.58494687e+00   1.54014044e+01
    -1.34268835e-01   1.01622820e+01  -9.08129501e+00   2.62069988e+00
    -4.53887606e+00  -1.19531015e-02  -1.60045350e+00  -1.91763573e+01
    -1.06220150e+00  -8.29577065e+00   3.46242523e+00  -1.41488779e+00
    -5.40536118e+00  -6.27258122e-01  -3.55280352e+00   1.66441460e+01
    -5.99812508e+00   3.84328866e+00   7.57726192e+00   1.55124319e+00
     1.08824997e+01   3.53289294e+00  -2.65350270e+00   8.69544029e+00
     1.80215037e+00  -3.86264944e+00  -4.23146449e-02  -5.18653216e-03
    -2.13743486e-02   1.90526936e-02  -1.91881566e-03   2.72808820e-02
    -2.38753166e-02  -2.03373358e-02  -1.40289413e-02  -2.64942814e-02
     4.16597724e-02   6.43152371e-02   2.10111346e-02   1.40396226e-02
    -1.91907957e-02   2.27464586e-02   1.99421048e-02   3.31136920e-02
     1.10290088e-02  -2.38921214e-02  -6.38787542e-03   2.44791638e-02
    -4.95688692e-02  -4.05256674e-02   7.49971047e-02   3.55966352e-02
    -3.44707556e-02  -3.18872519e-02   6.16474189e-02   3.06217223e-02
     5.22353984e-02  -3.40837869e-03  -3.53975873e-03  -2.80001052e-02
     4.38276067e-04   4.43305857e-02   5.30389696e-03   1.07180253e-02
    -9.55297705e-03  -7.75741600e-03   3.62360738e-02   3.35083827e-02
     4.19363603e-02  -2.82629728e-02   4.20597605e-02   4.94270101e-02
     3.54245538e-04  -3.59613188e-02   2.07846891e-02   3.76589447e-02]
  [ -1.80855446e+01   7.84808159e-01   1.16215258e+01  -5.10167551e+00
     9.51335335e+00   1.34671128e+00  -1.29153805e+01   5.27747822e+00
     2.52977777e+00   1.42514544e+01   3.74204540e+00   4.25516939e+00
    -6.98413801e+00   4.44355392e+00   1.50133026e+00   1.77530730e+00
    -3.39649487e+00   6.59339857e+00  -8.45118332e+00  -5.63111544e+00
     1.75346231e+00  -2.54704070e+00   1.05236521e+01   9.93460369e+00
     7.19784200e-01   1.50125682e+00  -1.94807613e+00  -2.56178999e+00
     1.94370568e+00   1.65673745e+00  -9.32038975e+00  -1.11807537e+01
    -1.38482857e+00   3.18959570e+00  -1.54875159e-01  -2.54057097e+00
    -9.52550602e+00  -1.85366237e+00  -6.98162413e+00   1.23515892e+01
    -2.53793645e+00  -2.07695737e-01   1.73862660e+00   3.50412071e-01
     9.34125721e-01  -6.60777473e+00  -2.58873630e+00   3.50562990e-01
    -2.95664215e+00  -3.08678341e+00   5.24557307e-02   2.44435146e-02
     7.20874593e-03   1.25244344e-02  -2.72020269e-02   1.31385364e-02
     3.76112503e-03  -7.38448054e-02   7.32599432e-03  -1.56421624e-02
     1.47271361e-02  -5.00834771e-02  -5.82921654e-02  -2.11350340e-02
     3.82237695e-02   1.29557932e-02  -3.24556306e-02  -5.35962209e-02
    -2.93195602e-02   4.50632423e-02  -5.31874932e-02   3.83641897e-03
    -1.50542734e-02   4.80071269e-02  -6.71771914e-02   3.01911477e-02
     4.11338545e-03  -4.97056395e-02  -5.56992069e-02  -2.81389747e-02
     4.90774438e-02   1.72155928e-02  -1.66305974e-02  -2.66484749e-02
    -4.92719151e-02  -1.06840394e-02   1.44000910e-02  -5.02071865e-02
    -3.51243988e-02   2.32322011e-02   1.45872207e-02  -3.58066545e-03
    -6.87038600e-02   3.44176330e-02  -4.57563028e-02   2.06665937e-02
    -5.25241122e-02  -4.28503472e-03  -4.38341796e-02   1.88911147e-02]]]
layer name h 
[[-0.98786312  0.99909198  0.97780311 -0.72647679  0.99973094  0.8806048
   0.99772513 -0.99999744  0.9999665   0.99158984  0.99999726  0.99999994
  -0.99837059 -0.99871719 -0.76020879  0.82151335  0.99995178  0.99998921
   0.15041572  1.         -0.29284951 -0.99999738 -0.9776302  -0.89241713
   0.97884041 -0.99070168  0.99999994  0.58437115 -0.99989313 -0.99971342
  -0.99035823  0.99425846  0.99988377  0.99999964 -0.98478061 -0.99281943
   0.99999911 -0.99990618 -0.9974463  -0.99601442  0.84607965 -0.99999994
  -0.99993587 -0.63585323  0.99998134 -0.99042588  0.99999547  0.82181454
   0.78298658  0.88670474  0.99999022  0.99991322 -0.97981101  0.98163396
   0.99936271 -0.90785396  0.99888837 -0.97380275  0.887752   -0.99997264
   0.74011958  0.20665281 -0.99998897  0.99459195 -0.99998295 -0.75963384
   0.03931222 -0.99549872  0.89830035  0.98050165  0.99981922 -0.67540455
   0.99956942 -0.99804896  0.99997568 -0.8601256  -0.98604757 -0.99952018
   0.99932623  0.99975455 -1.          0.9996748  -0.99652863  0.9999907
   0.93547976  0.99988818 -1.          0.99997848 -1.         -0.67245585
   0.99940097  0.86386734 -0.99136239 -0.80820143  0.99998653  0.99999964
   0.99999988 -0.99970877  0.98426908 -0.21683846  0.99562305 -0.63654232
  -0.57903349  0.26203454 -0.99999988  0.99952     0.45978171  0.99999648
   0.99316782 -0.99728131 -0.99999547  0.93610764 -0.97620714 -0.89856881
   0.99996686  0.99537355 -0.99294645  0.99992442  0.99996221  0.99843562
   0.99840277  1.          0.99739969  0.96807444  0.95872265  0.9748233
  -0.99995959  0.87098533 -0.99667591 -1.          0.99987841  0.94797456
   0.99975938  0.38770902  0.91611159  0.97551596 -0.34814295  0.9859429
   0.14959809  0.99969429  0.99961424  0.91657919 -0.99999565  0.10806264
   0.99982572  0.75383502 -0.99905324 -0.99999982 -0.99984366  0.99963564]
 [-0.54215568  1.          0.7841301  -0.96730703  0.99950373 -0.99999076
  -0.99999893 -1.          0.99227929 -0.88514352  0.97096074  0.99999821
  -0.99991512 -0.99992889 -0.81279874 -1.         -0.99993581 -0.84275746
   0.99996859  0.99999994 -0.73875505 -0.99999976  0.99995244 -0.99999827
  -0.9979198   1.          0.9999944   0.99320573  0.88861454  0.61103427
  -0.99999917  0.74321032  0.95646042  0.99999952 -0.99837786 -0.99992722
   0.99692816 -0.93685228 -0.84296519 -0.99995637 -0.44395199 -0.99349844
  -0.99999988 -0.79729402  0.91573685 -0.70796633 -0.86403328 -0.83803707
   0.97335571  0.99999642  0.99999785  0.95939839 -0.99974674 -0.05422392
   0.99998856  0.99999297 -0.99875259 -0.99999273 -1.          0.7129519
   0.99845934 -1.         -0.99997419  1.         -0.99886817  0.99999994
  -0.99890131 -0.75593811  0.99999326  0.9110648  -0.99999672  0.38979271
   0.99999225 -0.99908686 -0.99009579 -0.99345279  0.99995303 -0.99262303
  -0.99984908  0.99999994  0.99868208  0.99920917 -1.         -0.35043147
   0.99961066 -0.61249131 -0.99472827  0.98829305  0.99848944  0.82924432
  -0.96422887  0.97288966 -0.99979031  0.99528134 -0.96635258  0.9998647
   0.96550268 -0.99882525  0.99714828 -0.78782648  0.9195807  -0.84935176
   0.99879658  0.99863607 -1.          1.          0.99835664 -0.3090955
   0.99999994 -1.         -0.18275321  0.99997181 -0.99999958 -0.82547081
   1.          0.99993175 -0.99999994  0.58089113  0.99796295 -0.99992776
   0.74512911  0.9999997   0.97978753  0.9997173  -0.99878806  0.99368984
  -0.99998724 -0.9993518  -0.75999516 -1.          0.47988358  0.99999136
   0.9752115  -0.34524158 -0.99632829  0.99460006  0.99994534 -0.6981827
   0.99696869  0.99999982 -1.          1.         -0.9999736   0.96907157
   1.          0.02086378  0.99999917  0.9910149  -0.95057803  0.99999475]]
layer name new_h 
[[ 0.3749297  -0.76812929  0.5515241   0.47565219 -0.78337252  0.0913183
  -0.72353065  0.33274931 -0.71599936 -0.11018382 -0.05721756  0.22465467
  -0.05993444 -0.9794724   0.10371646  0.07397891  0.38860187 -0.34223944
  -0.80433869  0.19319245 -0.55567265  0.06161266 -0.19276488  0.55097055
  -0.7249167  -0.70938647 -0.19258994 -0.35314792  0.24683292  0.48902416
  -0.04361255 -0.61307281 -0.19110788  0.27680531 -0.25253481 -0.88878375
   0.00858707 -0.80272061 -0.58119035  0.96391845  0.22909391 -0.24279219
  -0.33009511  0.40067697 -0.11828827 -0.29619178 -0.16224927 -0.02749611
   0.89163923  0.786277   -0.08660864 -0.17942981 -0.03394036 -0.05632119
  -0.97359037 -0.18285187 -0.46007451 -0.57145399 -0.82992041 -0.50784117
  -0.34899047  0.10390431 -0.68964726  0.60180497  0.54015148  0.85743546
  -0.47085378  0.13364199  0.74120724  0.44553065  0.66384077 -0.65860307
   0.78485096 -0.69703627 -0.88094473 -0.82269865 -0.6117214  -0.9454748
   0.74760306  0.81711614  0.11426232  0.29562575 -0.04267014 -0.86043578
   0.14345323 -0.0837689  -0.93152469  0.13887903  0.48358661  0.75718397
   0.40520704 -0.82416028  0.44177926  0.38504153  0.86990702 -0.52392948
  -0.4023743  -0.88556856  0.49813357  0.6805594   0.0413833   0.89200765
   0.38000536  0.73086333 -0.46048427 -0.35380638 -0.21238013 -0.27023548
   0.57866251  0.7014724   0.23125175  0.58257878  0.97494656  0.73223829
  -0.30486166  0.89642268  0.0426578  -0.57049233  0.38958085  0.4849062
   0.23831919 -0.94754249 -0.88915813  0.95092869  0.7868523  -0.25200737
  -0.06854521  0.69247711 -0.56547701  0.23899533 -0.20290023  0.01500621
  -0.31349537 -0.5635587  -0.11142335 -0.89442319  0.46558753  0.56801087
  -0.402969    0.07457829  0.83892709  0.15508538  0.61060786  0.81195182
   0.83236313 -0.14235656  0.63456839 -0.15169258  0.36300644  0.29443389]
 [-0.80616891  0.11986251 -0.58038914 -0.18474476 -0.69878894  0.9747265
  -0.66487622  0.61653924 -0.92528003 -0.51988333  0.5427177  -0.02667526
   0.70688653 -0.69885123  0.14363946  0.78886002  0.58837265 -0.09555347
  -0.08617325 -0.41474557 -0.36829543  0.17924048 -0.26555142  0.52324355
   0.49225169  0.1383885  -0.04257294 -0.72879708  0.92470741  0.81294239
  -0.55201912 -0.20273124  0.0869642  -0.93346095  0.06549647 -0.92343116
   0.45812792 -0.67129219  0.95501512  0.67249334 -0.31309557  0.33140978
   0.96878231  0.38677624 -0.65172184  0.29639235 -0.29504105  0.52352405
   0.77780402  0.27198437 -0.51719296  0.8073895   0.19045897  0.30167276
  -0.97698718  0.59208769  0.79962021  0.70636201 -0.53958321 -0.76775336
   0.9631055  -0.15411429 -0.57335323 -0.33206728  0.80296779 -0.23452014
   0.0049892   0.63389599 -0.91765523 -0.60873938 -0.19168076  0.58259875
   0.68861496 -0.81722331 -0.37353632  0.23732601 -0.86358672 -0.95400292
  -0.03540684  0.019199   -0.78411698 -0.75763774 -0.41828495  0.8331672
   0.21217838 -0.22657275 -0.96530193  0.82748914  0.94423378 -0.96557081
  -0.85313666  0.66231233 -0.06354744 -0.33693808  0.87575054 -0.49650821
   0.58426213  0.82441592  0.86736214  0.18406509 -0.79601389  0.43252525
   0.52651644  0.72747588 -0.52917975 -0.65471578  0.22977959  0.85823637
  -0.05691104  0.63467908  0.67218959  0.17949203  0.20768075  0.89953393
  -0.88794899  0.94196182  0.30618957  0.23454686 -0.58259338 -0.5925318
   0.26802993 -0.99479306 -0.67780888 -0.39435402  0.59577626 -0.86317629
  -0.08611968  0.87426585  0.0264384  -0.34012437 -0.54682958  0.77050596
  -0.80692655  0.88817573 -0.64252794 -0.85451585 -0.45760682 -0.04532159
   0.22982302 -0.28360674  0.93784654 -0.9932918   0.94385189  0.44922516
   0.68137717 -0.60053372  0.41064754 -0.15496449  0.05735488 -0.03539677]]
layer name out 
[[ 0.65521514  0.0989166   0.04874301  0.19712527]
 [ 0.30551776  0.55117768  0.10303194  0.04027269]]
